  commd.c
d:\mygit\linux-shell4windows\project1\project1\commd.c(96): warning C4267: “函数”: 从“size_t”转换到“DWORD”，可能丢失数据
d:\mygit\linux-shell4windows\project1\project1\commd.c(107): warning C4267: “函数”: 从“size_t”转换到“DWORD”，可能丢失数据
d:\mygit\linux-shell4windows\project1\project1\commd.c(129): warning C4047: “==”:“int *”与“int”的间接级别不同
d:\mygit\linux-shell4windows\project1\project1\commd.c(183): warning C4244: “=”: 从“double”转换到“int”，可能丢失数据
d:\mygit\linux-shell4windows\project1\project1\commd.c(243): warning C4267: “函数”: 从“size_t”转换到“DWORD”，可能丢失数据
d:\mygit\linux-shell4windows\project1\project1\commd.c(249): warning C4090: “初始化”: 不同的“const”限定符
d:\mygit\linux-shell4windows\project1\project1\commd.c(250): warning C4090: “初始化”: 不同的“const”限定符
d:\mygit\linux-shell4windows\project1\project1\commd.c(263): warning C4267: “函数”: 从“size_t”转换到“DWORD”，可能丢失数据
d:\mygit\linux-shell4windows\project1\project1\commd.c(274): warning C4267: “函数”: 从“size_t”转换到“DWORD”，可能丢失数据
d:\mygit\linux-shell4windows\project1\project1\commd.c(310): warning C4098: “sort”:“void”函数返回值
  login.c
d:\mygit\linux-shell4windows\project1\project1\login.c(19): warning C4267: “函数”: 从“size_t”转换到“DWORD”，可能丢失数据
d:\mygit\linux-shell4windows\project1\project1\login.c(31): warning C4267: “函数”: 从“size_t”转换到“DWORD”，可能丢失数据
d:\mygit\linux-shell4windows\project1\project1\login.c(61): warning C4267: “函数”: 从“size_t”转换到“DWORD”，可能丢失数据
d:\mygit\linux-shell4windows\project1\project1\login.c(65): warning C4267: “函数”: 从“size_t”转换到“DWORD”，可能丢失数据
d:\mygit\linux-shell4windows\project1\project1\login.c(111): warning C4267: “函数”: 从“size_t”转换到“DWORD”，可能丢失数据
d:\mygit\linux-shell4windows\project1\project1\login.c(137): warning C4267: “函数”: 从“size_t”转换到“DWORD”，可能丢失数据
d:\mygit\linux-shell4windows\project1\project1\login.c(149): warning C4267: “函数”: 从“size_t”转换到“DWORD”，可能丢失数据
d:\mygit\linux-shell4windows\project1\project1\login.c(281): warning C4267: “函数”: 从“size_t”转换到“DWORD”，可能丢失数据
d:\mygit\linux-shell4windows\project1\project1\login.c(286): warning C4018: “<”: 有符号/无符号不匹配
d:\mygit\linux-shell4windows\project1\project1\login.c(332): warning C4267: “函数”: 从“size_t”转换到“DWORD”，可能丢失数据
d:\mygit\linux-shell4windows\project1\project1\login.c(340): warning C4267: “函数”: 从“size_t”转换到“DWORD”，可能丢失数据
d:\mygit\linux-shell4windows\project1\project1\login.c(348): warning C4267: “函数”: 从“size_t”转换到“DWORD”，可能丢失数据
d:\mygit\linux-shell4windows\project1\project1\login.c(354): warning C4267: “函数”: 从“size_t”转换到“DWORD”，可能丢失数据
d:\mygit\linux-shell4windows\project1\project1\login.c(433): warning C4267: “函数”: 从“size_t”转换到“DWORD”，可能丢失数据
d:\mygit\linux-shell4windows\project1\project1\login.c(449): warning C4018: “<”: 有符号/无符号不匹配
d:\mygit\linux-shell4windows\project1\project1\login.c(490): warning C4267: “函数”: 从“size_t”转换到“DWORD”，可能丢失数据
d:\mygit\linux-shell4windows\project1\project1\login.c(511): warning C4267: “函数”: 从“size_t”转换到“DWORD”，可能丢失数据
d:\mygit\linux-shell4windows\project1\project1\login.c(548): warning C4267: “函数”: 从“size_t”转换到“DWORD”，可能丢失数据
d:\mygit\linux-shell4windows\project1\project1\login.c(698): warning C4267: “函数”: 从“size_t”转换到“DWORD”，可能丢失数据
d:\mygit\linux-shell4windows\project1\project1\login.c(709): warning C4267: “函数”: 从“size_t”转换到“DWORD”，可能丢失数据
d:\mygit\linux-shell4windows\project1\project1\login.c(710): warning C4267: “函数”: 从“size_t”转换到“DWORD”，可能丢失数据
d:\mygit\linux-shell4windows\project1\project1\login.c(711): warning C4267: “函数”: 从“size_t”转换到“DWORD”，可能丢失数据
  start.c
d:\mygit\linux-shell4windows\project1\project1\start.c(15): warning C4267: “函数”: 从“size_t”转换到“DWORD”，可能丢失数据
d:\mygit\linux-shell4windows\project1\project1\start.c(18): warning C4267: “函数”: 从“size_t”转换到“DWORD”，可能丢失数据
  正在生成代码...
d:\mygit\linux-shell4windows\project1\project1\login.c(183): warning C4716: “logout”: 必须返回一个值
  Project1.vcxproj -> D:\MyGit\linux-shell4windows\Project1\x64\Debug\Project1.exe
